Using pre-set license
Built from '2020.2/release' branch; Version is '2020.2.1f1 (270dd8c3da1c) revision 2559448'; Using compiler version '192528614'; Build Type 'Release'
OS: 'Windows 10  (10.0.0) 64bit' Language: 'en' Physical Memory: 16296 MB
BatchMode: 1, IsHumanControllingUs: 0, StartBugReporterOnCrash: 0, Is64bit: 1, IsPro: 0

 COMMAND LINE ARGUMENTS:
C:\Program Files\Unity\Hub\Editor\2020.2.1f1\Editor\Unity.exe
-adb2
-batchMode
-noUpm
-name
AssetImportWorker0
-projectPath
D:/Unity Projects/Air Surfer
-logFile
Logs/AssetImportWorker0.log
-srvPort
58827
Successfully changed project path to: D:/Unity Projects/Air Surfer
D:/Unity Projects/Air Surfer
Using Asset Import Pipeline V2.
Refreshing native plugins compatible for Editor in 56.74 ms, found 0 plugins.
Preloading 0 native plugins for Editor in 0.00 ms.
Initialize engine version: 2020.2.1f1 (270dd8c3da1c)
[Subsystems] Discovering subsystems at path C:/Program Files/Unity/Hub/Editor/2020.2.1f1/Editor/Data/Resources/UnitySubsystems
[Subsystems] Discovering subsystems at path D:/Unity Projects/Air Surfer/Assets
GfxDevice: creating device client; threaded=0
Direct3D:
    Version:  Direct3D 11.0 [level 11.0]
    Renderer: NVIDIA GeForce GTX 960M (ID=0x139b)
    Vendor:   
    VRAM:     2018 MB
    Driver:   21.21.13.7654
Initialize mono
Mono path[0] = 'C:/Program Files/Unity/Hub/Editor/2020.2.1f1/Editor/Data/Managed'
Mono path[1] = 'C:/Program Files/Unity/Hub/Editor/2020.2.1f1/Editor/Data/MonoBleedingEdge/lib/mono/unityjit'
Mono config path = 'C:/Program Files/Unity/Hub/Editor/2020.2.1f1/Editor/Data/MonoBleedingEdge/etc'
Using monoOptions --debugger-agent=transport=dt_socket,embedding=1,server=y,suspend=n,address=127.0.0.1:56060
Begin MonoManager ReloadAssembly
Registering precompiled unity dll's ...
Register platform support module: C:/Program Files/Unity/Hub/Editor/2020.2.1f1/Editor/Data/PlaybackEngines/WebGLSupport/UnityEditor.WebGL.Extensions.dll
Register platform support module: C:/Program Files/Unity/Hub/Editor/2020.2.1f1/Editor/Data/PlaybackEngines/WindowsStandaloneSupport/UnityEditor.WindowsStandalone.Extensions.dll
Registered in 0.002559 seconds.
Native extension for WindowsStandalone target not found
Native extension for WebGL target not found
Refreshing native plugins compatible for Editor in 28.74 ms, found 0 plugins.
Preloading 0 native plugins for Editor in 0.00 ms.
Invoked RoslynAnalysisRunner static constructor.
RoslynAnalysisRunner will not be running.
RoslynAnalysisRunner has terminated.
Mono: successfully reloaded assembly
- Completed reload, in  4.897 seconds
Platform modules already initialized, skipping
Registering precompiled user dll's ...
Registered in 0.000595 seconds.
Begin MonoManager ReloadAssembly
Native extension for WindowsStandalone target not found
Native extension for WebGL target not found
Refreshing native plugins compatible for Editor in 0.24 ms, found 0 plugins.
Preloading 0 native plugins for Editor in 0.00 ms.
Invoked RoslynAnalysisRunner static constructor.
RoslynAnalysisRunner will not be running.
RoslynAnalysisRunner has terminated.
Mono: successfully reloaded assembly
- Completed reload, in  1.093 seconds
Platform modules already initialized, skipping
========================================================================
Worker process is ready to serve import requests
Launched and connected shader compiler UnityShaderCompiler.exe after 0.04 seconds
Refreshing native plugins compatible for Editor in 0.23 ms, found 0 plugins.
Preloading 0 native plugins for Editor in 0.00 ms.
Unloading 1100 Unused Serialized files (Serialized files now loaded: 0)
System memory in use before: 57.1 MB.
System memory in use after: 57.2 MB.

Unloading 10 unused Assets to reduce memory usage. Loaded Objects now: 1543.
Total: 2.004400 ms (FindLiveObjects: 0.194300 ms CreateObjectMapping: 0.045500 ms MarkObjects: 1.681200 ms  DeleteObjects: 0.082200 ms)

========================================================================
Received Import Request.
  path: Assets/Models/Character/Hat.obj
  artifactKey: Guid(0beec89190499f746bcbd1f8e66a6239) Importer(815301076,1909f56bfc062723c751e8b465ee728b)
Start importing Assets/Models/Character/Hat.obj using Guid(0beec89190499f746bcbd1f8e66a6239) Importer(815301076,1909f56bfc062723c751e8b465ee728b)  -> (artifact id: 'b7e40765f472b37c5fbf7c6a60674048') in 0.846407 seconds
  Import took 0.849079 seconds .

========================================================================
Received Import Request.
  Time since last request: 0.000242 seconds.
  path: Assets/Models/Character
  artifactKey: Guid(5071f85a63c9ff745985f0cb8e40fbbc) Importer(815301076,1909f56bfc062723c751e8b465ee728b)
Start importing Assets/Models/Character using Guid(5071f85a63c9ff745985f0cb8e40fbbc) Importer(815301076,1909f56bfc062723c751e8b465ee728b)  -> (artifact id: '3a8f95a282dab2822791a05b042587de') in 0.008656 seconds
  Import took 0.033077 seconds .

========================================================================
Received Import Request.
  Time since last request: 0.000210 seconds.
  path: Assets/Models/Character/Idle.fbx
  artifactKey: Guid(937ecb00ca4eb8540a087e5900db4a4b) Importer(815301076,1909f56bfc062723c751e8b465ee728b)
Start importing Assets/Models/Character/Idle.fbx using Guid(937ecb00ca4eb8540a087e5900db4a4b) Importer(815301076,1909f56bfc062723c751e8b465ee728b)  -> (artifact id: 'b136b613c691d339744ecf44f15f71ad') in 0.054859 seconds
  Import took 0.088414 seconds .

========================================================================
Received Import Request.
  Time since last request: 62.663687 seconds.
  path: Assets/Models/Turret1.fbx
  artifactKey: Guid(2053f2dfb49994e49ba176df30fd4af2) Importer(815301076,1909f56bfc062723c751e8b465ee728b)
Start importing Assets/Models/Turret1.fbx using Guid(2053f2dfb49994e49ba176df30fd4af2) Importer(815301076,1909f56bfc062723c751e8b465ee728b)  -> (artifact id: 'd2393a62f02111519d80a9b6bd016fcf') in 0.069351 seconds
  Import took 0.158581 seconds .

========================================================================
Received Prepare
Registering precompiled user dll's ...
Registered in 0.000660 seconds.
Begin MonoManager ReloadAssembly
Native extension for WindowsStandalone target not found
Native extension for WebGL target not found
Refreshing native plugins compatible for Editor in 0.24 ms, found 0 plugins.
Preloading 0 native plugins for Editor in 0.00 ms.
Invoked RoslynAnalysisRunner static constructor.
RoslynAnalysisRunner will not be running.
RoslynAnalysisRunner has terminated.
Mono: successfully reloaded assembly
- Completed reload, in  0.959 seconds
Platform modules already initialized, skipping
Refreshing native plugins compatible for Editor in 0.25 ms, found 0 plugins.
Preloading 0 native plugins for Editor in 0.00 ms.
Unloading 1097 Unused Serialized files (Serialized files now loaded: 0)
System memory in use before: 71.6 MB.
System memory in use after: 71.7 MB.

Unloading 5 unused Assets to reduce memory usage. Loaded Objects now: 1589.
Total: 2.090300 ms (FindLiveObjects: 0.160400 ms CreateObjectMapping: 0.043400 ms MarkObjects: 1.833700 ms  DeleteObjects: 0.051200 ms)

========================================================================
Received Import Request.
  Time since last request: 5.194448 seconds.
  path: Assets/Models/Turret1.fbx
  artifactKey: Guid(2053f2dfb49994e49ba176df30fd4af2) Importer(815301076,1909f56bfc062723c751e8b465ee728b)
Start importing Assets/Models/Turret1.fbx using Guid(2053f2dfb49994e49ba176df30fd4af2) Importer(815301076,1909f56bfc062723c751e8b465ee728b)  -> (artifact id: 'a28e94fcdace352b05f23a288300f20f') in 0.648937 seconds
  Import took 0.652148 seconds .

========================================================================
Received Prepare
Registering precompiled user dll's ...
Registered in 0.000671 seconds.
Begin MonoManager ReloadAssembly
Native extension for WindowsStandalone target not found
Native extension for WebGL target not found
Refreshing native plugins compatible for Editor in 0.29 ms, found 0 plugins.
Preloading 0 native plugins for Editor in 0.00 ms.
Invoked RoslynAnalysisRunner static constructor.
RoslynAnalysisRunner will not be running.
RoslynAnalysisRunner has terminated.
Mono: successfully reloaded assembly
- Completed reload, in  2.036 seconds
Platform modules already initialized, skipping
Refreshing native plugins compatible for Editor in 0.26 ms, found 0 plugins.
Preloading 0 native plugins for Editor in 0.00 ms.
Unloading 1099 Unused Serialized files (Serialized files now loaded: 0)
System memory in use before: 71.8 MB.
System memory in use after: 71.9 MB.

Unloading 5 unused Assets to reduce memory usage. Loaded Objects now: 1593.
Total: 1.914800 ms (FindLiveObjects: 0.154800 ms CreateObjectMapping: 0.048300 ms MarkObjects: 1.651500 ms  DeleteObjects: 0.058900 ms)

========================================================================
Received Import Request.
  Time since last request: 1229.153810 seconds.
  path: Assets/Prefabs
  artifactKey: Guid(4382d60a0c744754ab95790bb67259a4) Importer(815301076,1909f56bfc062723c751e8b465ee728b)
Start importing Assets/Prefabs using Guid(4382d60a0c744754ab95790bb67259a4) Importer(815301076,1909f56bfc062723c751e8b465ee728b)  -> (artifact id: 'cfd7c81e46aa2cb819e4fe340ddb28b1') in 0.014548 seconds
  Import took 0.061492 seconds .

========================================================================
Received Import Request.
  Time since last request: 41.925587 seconds.
  path: Assets/Prefabs/Balls
  artifactKey: Guid(03a74ac643920b044bd3e80ddaf029d9) Importer(815301076,1909f56bfc062723c751e8b465ee728b)
Start importing Assets/Prefabs/Balls using Guid(03a74ac643920b044bd3e80ddaf029d9) Importer(815301076,1909f56bfc062723c751e8b465ee728b)  -> (artifact id: 'da017896fb5c308e7f8ec9fc49ad69b9') in 0.008877 seconds
  Import took 0.037538 seconds .

========================================================================
Received Import Request.
  Time since last request: 8.777705 seconds.
  path: Assets/Prefabs/Balls/WhiteBall.prefab
  artifactKey: Guid(3fcd29e4600295e49a0f45dd8dbac991) Importer(815301076,1909f56bfc062723c751e8b465ee728b)
Start importing Assets/Prefabs/Balls/WhiteBall.prefab using Guid(3fcd29e4600295e49a0f45dd8dbac991) Importer(815301076,1909f56bfc062723c751e8b465ee728b)  -> (artifact id: '171529461c88fad2784cbbfc15c17a3f') in 0.234509 seconds
  Import took 0.259124 seconds .

========================================================================
Received Import Request.
  Time since last request: 11.170563 seconds.
  path: Assets/Materials/Balls/MatGreen.mat
  artifactKey: Guid(68f70656b20bba948b33ccc5153891c5) Importer(815301076,1909f56bfc062723c751e8b465ee728b)
Start importing Assets/Materials/Balls/MatGreen.mat using Guid(68f70656b20bba948b33ccc5153891c5) Importer(815301076,1909f56bfc062723c751e8b465ee728b)  -> (artifact id: '082e235567875a704489f1ffc275e680') in 0.103623 seconds
  Import took 0.106872 seconds .

========================================================================
Received Import Request.
  Time since last request: 0.000208 seconds.
  path: Assets/Materials/Platform.mat
  artifactKey: Guid(a97b99d31f718fa4eba67a33466dadef) Importer(815301076,1909f56bfc062723c751e8b465ee728b)
Start importing Assets/Materials/Platform.mat using Guid(a97b99d31f718fa4eba67a33466dadef) Importer(815301076,1909f56bfc062723c751e8b465ee728b)  -> (artifact id: '3e438be61c6dfd4c4f25c088e515140f') in 0.031952 seconds
  Import took 0.142052 seconds .

========================================================================
Received Import Request.
  Time since last request: 0.000229 seconds.
  path: Assets/Models/Character/Running.fbx
  artifactKey: Guid(c4581ec30c0f5d545be50f74dabe9604) Importer(815301076,1909f56bfc062723c751e8b465ee728b)
Start importing Assets/Models/Character/Running.fbx using Guid(c4581ec30c0f5d545be50f74dabe9604) Importer(815301076,1909f56bfc062723c751e8b465ee728b)  -> (artifact id: 'eec7981318645b16b442644cb92dd969') in 0.055458 seconds
  Import took 0.090149 seconds .

========================================================================
Received Import Request.
  Time since last request: 0.000207 seconds.
  path: Assets/Materials/Platform Side.mat
  artifactKey: Guid(299aeaedec9ab88458f2c2e97fcd8de6) Importer(815301076,1909f56bfc062723c751e8b465ee728b)
Start importing Assets/Materials/Platform Side.mat using Guid(299aeaedec9ab88458f2c2e97fcd8de6) Importer(815301076,1909f56bfc062723c751e8b465ee728b)  -> (artifact id: '8aebd47dce9eead1140a2c112eaf4950') in 0.017994 seconds
  Import took 0.020709 seconds .

========================================================================
Received Import Request.
  Time since last request: 0.000232 seconds.
  path: Assets/Materials/Balls/MatYellow.mat
  artifactKey: Guid(b15dd6e37fcd822488eaee162825eab8) Importer(815301076,1909f56bfc062723c751e8b465ee728b)
Start importing Assets/Materials/Balls/MatYellow.mat using Guid(b15dd6e37fcd822488eaee162825eab8) Importer(815301076,1909f56bfc062723c751e8b465ee728b)  -> (artifact id: '5f7dcbc506da3131b22d8862f2c9c223') in 0.046565 seconds
  Import took 0.062058 seconds .

========================================================================
Received Import Request.
  Time since last request: 0.000260 seconds.
  path: Assets/Materials/Balls/MatPurple.mat
  artifactKey: Guid(bbf748df2855aa543b7ccf7fb2cfe316) Importer(815301076,1909f56bfc062723c751e8b465ee728b)
Start importing Assets/Materials/Balls/MatPurple.mat using Guid(bbf748df2855aa543b7ccf7fb2cfe316) Importer(815301076,1909f56bfc062723c751e8b465ee728b)  -> (artifact id: '716134b11c0d7cfe339b1084995b8cab') in 0.021504 seconds
  Import took 0.024777 seconds .

========================================================================
Received Import Request.
  Time since last request: 0.000261 seconds.
  path: Assets/Materials/Balls/MatRed.mat
  artifactKey: Guid(7107939d42b098d4ba7dd4859c9795a4) Importer(815301076,1909f56bfc062723c751e8b465ee728b)
Start importing Assets/Materials/Balls/MatRed.mat using Guid(7107939d42b098d4ba7dd4859c9795a4) Importer(815301076,1909f56bfc062723c751e8b465ee728b)  -> (artifact id: 'e4664acb6d1deed131a42f165eb05908') in 0.082123 seconds
  Import took 0.098040 seconds .

========================================================================
Received Import Request.
  Time since last request: 0.000216 seconds.
  path: Assets/Materials/Balls/MatWhite.mat
  artifactKey: Guid(502f4316feb48244f89752ea49418e3c) Importer(815301076,1909f56bfc062723c751e8b465ee728b)
Start importing Assets/Materials/Balls/MatWhite.mat using Guid(502f4316feb48244f89752ea49418e3c) Importer(815301076,1909f56bfc062723c751e8b465ee728b)  -> (artifact id: '45220730788d34da2e1d978a5115a8c3') in 0.017019 seconds
  Import took 0.020422 seconds .

========================================================================
Received Import Request.
  Time since last request: 0.000264 seconds.
  path: Assets/Materials/Balls/MatGreen.mat
  artifactKey: Guid(68f70656b20bba948b33ccc5153891c5) Importer(815301076,1909f56bfc062723c751e8b465ee728b)
Start importing Assets/Materials/Balls/MatGreen.mat using Guid(68f70656b20bba948b33ccc5153891c5) Importer(815301076,1909f56bfc062723c751e8b465ee728b)  -> (artifact id: '082e235567875a704489f1ffc275e680') in 0.015100 seconds
  Import took 0.025025 seconds .

========================================================================
Received Import Request.
  Time since last request: 2.179257 seconds.
  path: Assets/Models/Character/Hair_d1.obj
  artifactKey: Guid(23822befc9b335d498d82f7bd75e481c) Importer(815301076,1909f56bfc062723c751e8b465ee728b)
Start importing Assets/Models/Character/Hair_d1.obj using Guid(23822befc9b335d498d82f7bd75e481c) Importer(815301076,1909f56bfc062723c751e8b465ee728b)  -> (artifact id: '7a6d5b95b4dc25a1df48f29852bc3756') in 0.058292 seconds
  Import took 0.086310 seconds .

========================================================================
Received Import Request.
  Time since last request: 0.000266 seconds.
  path: Assets/Models/Character/Materials/Hat1.mat
  artifactKey: Guid(55b74427d77ec0546b21db0ca126ab92) Importer(815301076,1909f56bfc062723c751e8b465ee728b)
Start importing Assets/Models/Character/Materials/Hat1.mat using Guid(55b74427d77ec0546b21db0ca126ab92) Importer(815301076,1909f56bfc062723c751e8b465ee728b)  -> (artifact id: '67156dbde9067cf42d3141abb49545cb') in 0.015442 seconds
  Import took 0.036626 seconds .

========================================================================
Received Import Request.
  Time since last request: 0.000249 seconds.
  path: Assets/Models/Character/Materials/hat2.mat
  artifactKey: Guid(bf33000282161d744a37d6e1a0dbb799) Importer(815301076,1909f56bfc062723c751e8b465ee728b)
Start importing Assets/Models/Character/Materials/hat2.mat using Guid(bf33000282161d744a37d6e1a0dbb799) Importer(815301076,1909f56bfc062723c751e8b465ee728b)  -> (artifact id: '802e40c2c3c98bd22417a550daa11e0a') in 0.016436 seconds
  Import took 0.018584 seconds .

========================================================================
Received Import Request.
  Time since last request: 4.902897 seconds.
  path: Assets/Prefabs/Balls/RedBall.prefab
  artifactKey: Guid(43c62dd27b8f7cc4ab223e3699c877ea) Importer(815301076,1909f56bfc062723c751e8b465ee728b)
Start importing Assets/Prefabs/Balls/RedBall.prefab using Guid(43c62dd27b8f7cc4ab223e3699c877ea) Importer(815301076,1909f56bfc062723c751e8b465ee728b)  -> (artifact id: 'f3bd569702945302ecfdf2bb66c10e65') in 0.015955 seconds
  Import took 0.018645 seconds .

========================================================================
Received Import Request.
  Time since last request: 19.849619 seconds.
  path: Assets/Prefabs/Balls/YellowBall.prefab
  artifactKey: Guid(ccedf7bf3e07d9f40a7c747538c394eb) Importer(815301076,1909f56bfc062723c751e8b465ee728b)
Start importing Assets/Prefabs/Balls/YellowBall.prefab using Guid(ccedf7bf3e07d9f40a7c747538c394eb) Importer(815301076,1909f56bfc062723c751e8b465ee728b)  -> (artifact id: 'eca524e167fc1b0348806b87c863bd61') in 0.016064 seconds
  Import took 0.030169 seconds .

========================================================================
Received Import Request.
  Time since last request: 12.864442 seconds.
  path: Assets/Prefabs/Balls/PurpleBall.prefab
  artifactKey: Guid(98e7e79ab77555c47bde76b734ffd7cc) Importer(815301076,1909f56bfc062723c751e8b465ee728b)
Start importing Assets/Prefabs/Balls/PurpleBall.prefab using Guid(98e7e79ab77555c47bde76b734ffd7cc) Importer(815301076,1909f56bfc062723c751e8b465ee728b)  -> (artifact id: 'e8fe9aea6e073f83edb8721e3242f338') in 0.017600 seconds
  Import took 0.020248 seconds .

========================================================================
Received Import Request.
  Time since last request: 41.570670 seconds.
  path: Assets/Prefabs/Balls/GreenBall.prefab
  artifactKey: Guid(7185e4eecc18ddd419e2a162efb04ac2) Importer(815301076,1909f56bfc062723c751e8b465ee728b)
Start importing Assets/Prefabs/Balls/GreenBall.prefab using Guid(7185e4eecc18ddd419e2a162efb04ac2) Importer(815301076,1909f56bfc062723c751e8b465ee728b)  -> (artifact id: '740e184f9b49b194e4459341ddf6316e') in 0.021400 seconds
  Import took 0.026226 seconds .

========================================================================
Received Import Request.
  Time since last request: 87.119373 seconds.
  path: Assets/Prefabs/Balls/WhiteBall.prefab
  artifactKey: Guid(3fcd29e4600295e49a0f45dd8dbac991) Importer(815301076,1909f56bfc062723c751e8b465ee728b)
Start importing Assets/Prefabs/Balls/WhiteBall.prefab using Guid(3fcd29e4600295e49a0f45dd8dbac991) Importer(815301076,1909f56bfc062723c751e8b465ee728b)  -> (artifact id: '4f772aa13074606324550042f3853e88') in 0.017251 seconds
  Import took 0.020946 seconds .

========================================================================
Received Import Request.
  Time since last request: 2.492204 seconds.
  path: Assets/Prefabs/Balls/WhiteBall.prefab
  artifactKey: Guid(3fcd29e4600295e49a0f45dd8dbac991) Importer(815301076,1909f56bfc062723c751e8b465ee728b)
Start importing Assets/Prefabs/Balls/WhiteBall.prefab using Guid(3fcd29e4600295e49a0f45dd8dbac991) Importer(815301076,1909f56bfc062723c751e8b465ee728b)  -> (artifact id: '2034b94395305df082c348e7db4fd9af') in 0.011395 seconds
  Import took 0.048746 seconds .

========================================================================
Received Import Request.
  Time since last request: 2.603931 seconds.
  path: Assets/Prefabs/Balls/PurpleBall.prefab
  artifactKey: Guid(98e7e79ab77555c47bde76b734ffd7cc) Importer(815301076,1909f56bfc062723c751e8b465ee728b)
Start importing Assets/Prefabs/Balls/PurpleBall.prefab using Guid(98e7e79ab77555c47bde76b734ffd7cc) Importer(815301076,1909f56bfc062723c751e8b465ee728b)  -> (artifact id: '63102163fff301b91207d3ff36bd8b68') in 0.016726 seconds
  Import took 0.020044 seconds .

========================================================================
Received Import Request.
  Time since last request: 0.722954 seconds.
  path: Assets/Prefabs/Balls/RedBall.prefab
  artifactKey: Guid(43c62dd27b8f7cc4ab223e3699c877ea) Importer(815301076,1909f56bfc062723c751e8b465ee728b)
Start importing Assets/Prefabs/Balls/RedBall.prefab using Guid(43c62dd27b8f7cc4ab223e3699c877ea) Importer(815301076,1909f56bfc062723c751e8b465ee728b)  -> (artifact id: 'd7a08eb4c8af434281791d2b3f7f1c77') in 0.016662 seconds
  Import took 0.042658 seconds .

========================================================================
Received Import Request.
  Time since last request: 0.759440 seconds.
  path: Assets/Prefabs/Balls/YellowBall.prefab
  artifactKey: Guid(ccedf7bf3e07d9f40a7c747538c394eb) Importer(815301076,1909f56bfc062723c751e8b465ee728b)
Start importing Assets/Prefabs/Balls/YellowBall.prefab using Guid(ccedf7bf3e07d9f40a7c747538c394eb) Importer(815301076,1909f56bfc062723c751e8b465ee728b)  -> (artifact id: '62493683f1af41d70b9062f0f4ab8e70') in 0.010888 seconds
  Import took 0.014336 seconds .

========================================================================
Received Import Request.
  Time since last request: 12.521622 seconds.
  path: Assets/Prefabs/Turret
  artifactKey: Guid(2ca32059d733db44b9a0a6870b6c3901) Importer(815301076,1909f56bfc062723c751e8b465ee728b)
Start importing Assets/Prefabs/Turret using Guid(2ca32059d733db44b9a0a6870b6c3901) Importer(815301076,1909f56bfc062723c751e8b465ee728b)  -> (artifact id: '70121304f5839df5daf4936aad1b4884') in 0.008736 seconds
  Import took 0.011452 seconds .

========================================================================
Received Import Request.
  Time since last request: 3.357801 seconds.
  path: Assets/Prefabs/Turret/Turret1.prefab
  artifactKey: Guid(5b78ea8da5d79f94e9a48c3c416a0bb7) Importer(815301076,1909f56bfc062723c751e8b465ee728b)
Start importing Assets/Prefabs/Turret/Turret1.prefab using Guid(5b78ea8da5d79f94e9a48c3c416a0bb7) Importer(815301076,1909f56bfc062723c751e8b465ee728b)  -> (artifact id: '55753f19d849b5983e585b4c0c707079') in 0.034997 seconds
  Import took 0.049358 seconds .

========================================================================
Received Prepare
Registering precompiled user dll's ...
Registered in 0.000580 seconds.
Begin MonoManager ReloadAssembly
Native extension for WindowsStandalone target not found
Native extension for WebGL target not found
Refreshing native plugins compatible for Editor in 0.24 ms, found 0 plugins.
Preloading 0 native plugins for Editor in 0.00 ms.
Invoked RoslynAnalysisRunner static constructor.
RoslynAnalysisRunner will not be running.
RoslynAnalysisRunner has terminated.
Mono: successfully reloaded assembly
- Completed reload, in  1.058 seconds
Platform modules already initialized, skipping
Refreshing native plugins compatible for Editor in 0.25 ms, found 0 plugins.
Preloading 0 native plugins for Editor in 0.00 ms.
Unloading 1099 Unused Serialized files (Serialized files now loaded: 0)
System memory in use before: 72.1 MB.
System memory in use after: 72.1 MB.

Unloading 5 unused Assets to reduce memory usage. Loaded Objects now: 1596.
Total: 2.155400 ms (FindLiveObjects: 0.236500 ms CreateObjectMapping: 0.059400 ms MarkObjects: 1.808200 ms  DeleteObjects: 0.050000 ms)

========================================================================
Received Prepare
Registering precompiled user dll's ...
Registered in 0.000724 seconds.
Begin MonoManager ReloadAssembly
Native extension for WindowsStandalone target not found
Native extension for WebGL target not found
Refreshing native plugins compatible for Editor in 0.24 ms, found 0 plugins.
Preloading 0 native plugins for Editor in 0.00 ms.
Invoked RoslynAnalysisRunner static constructor.
RoslynAnalysisRunner will not be running.
RoslynAnalysisRunner has terminated.
Mono: successfully reloaded assembly
- Completed reload, in  1.000 seconds
Platform modules already initialized, skipping
Refreshing native plugins compatible for Editor in 0.28 ms, found 0 plugins.
Preloading 0 native plugins for Editor in 0.00 ms.
Unloading 1099 Unused Serialized files (Serialized files now loaded: 0)
System memory in use before: 72.2 MB.
System memory in use after: 72.3 MB.

Unloading 5 unused Assets to reduce memory usage. Loaded Objects now: 1598.
Total: 2.570500 ms (FindLiveObjects: 0.341600 ms CreateObjectMapping: 0.145800 ms MarkObjects: 2.014700 ms  DeleteObjects: 0.066400 ms)

========================================================================
Received Prepare
Registering precompiled user dll's ...
Registered in 0.000681 seconds.
Begin MonoManager ReloadAssembly
Native extension for WindowsStandalone target not found
Native extension for WebGL target not found
Refreshing native plugins compatible for Editor in 0.26 ms, found 0 plugins.
Preloading 0 native plugins for Editor in 0.00 ms.
Invoked RoslynAnalysisRunner static constructor.
RoslynAnalysisRunner will not be running.
RoslynAnalysisRunner has terminated.
Mono: successfully reloaded assembly
- Completed reload, in  1.293 seconds
Platform modules already initialized, skipping
Refreshing native plugins compatible for Editor in 0.28 ms, found 0 plugins.
Preloading 0 native plugins for Editor in 0.00 ms.
Unloading 1099 Unused Serialized files (Serialized files now loaded: 0)
System memory in use before: 72.3 MB.
System memory in use after: 72.4 MB.

Unloading 5 unused Assets to reduce memory usage. Loaded Objects now: 1600.
Total: 2.075700 ms (FindLiveObjects: 0.188000 ms CreateObjectMapping: 0.051400 ms MarkObjects: 1.769900 ms  DeleteObjects: 0.065100 ms)

========================================================================
Received Prepare
Registering precompiled user dll's ...
Registered in 0.000553 seconds.
Begin MonoManager ReloadAssembly
Native extension for WindowsStandalone target not found
Native extension for WebGL target not found
Refreshing native plugins compatible for Editor in 0.23 ms, found 0 plugins.
Preloading 0 native plugins for Editor in 0.00 ms.
Invoked RoslynAnalysisRunner static constructor.
RoslynAnalysisRunner will not be running.
RoslynAnalysisRunner has terminated.
Mono: successfully reloaded assembly
- Completed reload, in  1.030 seconds
Platform modules already initialized, skipping
Refreshing native plugins compatible for Editor in 0.24 ms, found 0 plugins.
Preloading 0 native plugins for Editor in 0.00 ms.
Unloading 1099 Unused Serialized files (Serialized files now loaded: 0)
System memory in use before: 72.5 MB.
System memory in use after: 72.5 MB.

Unloading 5 unused Assets to reduce memory usage. Loaded Objects now: 1602.
Total: 1.819600 ms (FindLiveObjects: 0.222300 ms CreateObjectMapping: 0.056000 ms MarkObjects: 1.488600 ms  DeleteObjects: 0.051300 ms)

========================================================================
Received Prepare
Registering precompiled user dll's ...
Registered in 0.000670 seconds.
Begin MonoManager ReloadAssembly
Native extension for WindowsStandalone target not found
Native extension for WebGL target not found
Refreshing native plugins compatible for Editor in 0.27 ms, found 0 plugins.
Preloading 0 native plugins for Editor in 0.00 ms.
Invoked RoslynAnalysisRunner static constructor.
RoslynAnalysisRunner will not be running.
RoslynAnalysisRunner has terminated.
Mono: successfully reloaded assembly
- Completed reload, in  1.245 seconds
Platform modules already initialized, skipping
Refreshing native plugins compatible for Editor in 0.28 ms, found 0 plugins.
Preloading 0 native plugins for Editor in 0.00 ms.
Unloading 1099 Unused Serialized files (Serialized files now loaded: 0)
System memory in use before: 72.6 MB.
System memory in use after: 72.6 MB.

Unloading 5 unused Assets to reduce memory usage. Loaded Objects now: 1604.
Total: 2.476400 ms (FindLiveObjects: 0.350700 ms CreateObjectMapping: 0.150000 ms MarkObjects: 1.909500 ms  DeleteObjects: 0.064700 ms)

========================================================================
Received Prepare
Registering precompiled user dll's ...
Registered in 0.000550 seconds.
Begin MonoManager ReloadAssembly
Native extension for WindowsStandalone target not found
Native extension for WebGL target not found
Refreshing native plugins compatible for Editor in 0.24 ms, found 0 plugins.
Preloading 0 native plugins for Editor in 0.00 ms.
Invoked RoslynAnalysisRunner static constructor.
RoslynAnalysisRunner will not be running.
RoslynAnalysisRunner has terminated.
Mono: successfully reloaded assembly
- Completed reload, in  0.993 seconds
Platform modules already initialized, skipping
Refreshing native plugins compatible for Editor in 0.24 ms, found 0 plugins.
Preloading 0 native plugins for Editor in 0.00 ms.
Unloading 1099 Unused Serialized files (Serialized files now loaded: 0)
System memory in use before: 72.6 MB.
System memory in use after: 72.7 MB.

Unloading 5 unused Assets to reduce memory usage. Loaded Objects now: 1606.
Total: 2.733300 ms (FindLiveObjects: 0.177000 ms CreateObjectMapping: 0.048900 ms MarkObjects: 2.432700 ms  DeleteObjects: 0.072100 ms)

========================================================================
Received Prepare
Registering precompiled user dll's ...
Registered in 0.000536 seconds.
Begin MonoManager ReloadAssembly
Native extension for WindowsStandalone target not found
Native extension for WebGL target not found
Refreshing native plugins compatible for Editor in 0.25 ms, found 0 plugins.
Preloading 0 native plugins for Editor in 0.00 ms.
Invoked RoslynAnalysisRunner static constructor.
RoslynAnalysisRunner will not be running.
RoslynAnalysisRunner has terminated.
Mono: successfully reloaded assembly
- Completed reload, in  0.969 seconds
Platform modules already initialized, skipping
Refreshing native plugins compatible for Editor in 0.36 ms, found 0 plugins.
Preloading 0 native plugins for Editor in 0.00 ms.
Unloading 1099 Unused Serialized files (Serialized files now loaded: 0)
System memory in use before: 72.8 MB.
System memory in use after: 72.9 MB.

Unloading 5 unused Assets to reduce memory usage. Loaded Objects now: 1608.
Total: 1.934800 ms (FindLiveObjects: 0.209700 ms CreateObjectMapping: 0.102500 ms MarkObjects: 1.565900 ms  DeleteObjects: 0.055300 ms)

========================================================================
Received Prepare
Registering precompiled user dll's ...
Registered in 0.000613 seconds.
Begin MonoManager ReloadAssembly
Native extension for WindowsStandalone target not found
Native extension for WebGL target not found
Refreshing native plugins compatible for Editor in 0.24 ms, found 0 plugins.
Preloading 0 native plugins for Editor in 0.00 ms.
Invoked RoslynAnalysisRunner static constructor.
RoslynAnalysisRunner will not be running.
RoslynAnalysisRunner has terminated.
Mono: successfully reloaded assembly
- Completed reload, in  1.223 seconds
Platform modules already initialized, skipping
Refreshing native plugins compatible for Editor in 0.27 ms, found 0 plugins.
Preloading 0 native plugins for Editor in 0.00 ms.
Unloading 1099 Unused Serialized files (Serialized files now loaded: 0)
System memory in use before: 73.0 MB.
System memory in use after: 73.0 MB.

Unloading 5 unused Assets to reduce memory usage. Loaded Objects now: 1610.
Total: 2.873500 ms (FindLiveObjects: 0.713300 ms CreateObjectMapping: 0.078100 ms MarkObjects: 2.022300 ms  DeleteObjects: 0.057400 ms)

========================================================================
Received Prepare
Registering precompiled user dll's ...
Registered in 0.000803 seconds.
Begin MonoManager ReloadAssembly
Native extension for WindowsStandalone target not found
Native extension for WebGL target not found
Refreshing native plugins compatible for Editor in 0.25 ms, found 0 plugins.
Preloading 0 native plugins for Editor in 0.00 ms.
Invoked RoslynAnalysisRunner static constructor.
RoslynAnalysisRunner will not be running.
RoslynAnalysisRunner has terminated.
Mono: successfully reloaded assembly
- Completed reload, in  1.076 seconds
Platform modules already initialized, skipping
Refreshing native plugins compatible for Editor in 0.27 ms, found 0 plugins.
Preloading 0 native plugins for Editor in 0.00 ms.
Unloading 1099 Unused Serialized files (Serialized files now loaded: 0)
System memory in use before: 73.1 MB.
System memory in use after: 73.2 MB.

Unloading 5 unused Assets to reduce memory usage. Loaded Objects now: 1612.
Total: 2.047300 ms (FindLiveObjects: 0.276400 ms CreateObjectMapping: 0.059400 ms MarkObjects: 1.653600 ms  DeleteObjects: 0.056500 ms)

========================================================================
Received Prepare
Registering precompiled user dll's ...
Registered in 0.000620 seconds.
Begin MonoManager ReloadAssembly
Native extension for WindowsStandalone target not found
Native extension for WebGL target not found
Refreshing native plugins compatible for Editor in 0.24 ms, found 0 plugins.
Preloading 0 native plugins for Editor in 0.00 ms.
Invoked RoslynAnalysisRunner static constructor.
RoslynAnalysisRunner will not be running.
RoslynAnalysisRunner has terminated.
Mono: successfully reloaded assembly
- Completed reload, in  0.999 seconds
Platform modules already initialized, skipping
Refreshing native plugins compatible for Editor in 0.23 ms, found 0 plugins.
Preloading 0 native plugins for Editor in 0.00 ms.
Unloading 1099 Unused Serialized files (Serialized files now loaded: 0)
System memory in use before: 73.2 MB.
System memory in use after: 73.3 MB.

Unloading 5 unused Assets to reduce memory usage. Loaded Objects now: 1614.
Total: 2.466100 ms (FindLiveObjects: 0.229100 ms CreateObjectMapping: 0.065200 ms MarkObjects: 2.110100 ms  DeleteObjects: 0.060100 ms)

========================================================================
Received Prepare
Registering precompiled user dll's ...
Registered in 0.000853 seconds.
Begin MonoManager ReloadAssembly
Native extension for WindowsStandalone target not found
Native extension for WebGL target not found
Refreshing native plugins compatible for Editor in 0.26 ms, found 0 plugins.
Preloading 0 native plugins for Editor in 0.00 ms.
Invoked RoslynAnalysisRunner static constructor.
RoslynAnalysisRunner will not be running.
RoslynAnalysisRunner has terminated.
Mono: successfully reloaded assembly
- Completed reload, in  1.072 seconds
Platform modules already initialized, skipping
Refreshing native plugins compatible for Editor in 0.28 ms, found 0 plugins.
Preloading 0 native plugins for Editor in 0.00 ms.
Unloading 1099 Unused Serialized files (Serialized files now loaded: 0)
System memory in use before: 73.3 MB.
System memory in use after: 73.4 MB.

Unloading 5 unused Assets to reduce memory usage. Loaded Objects now: 1616.
Total: 2.403000 ms (FindLiveObjects: 0.267300 ms CreateObjectMapping: 0.069600 ms MarkObjects: 2.004400 ms  DeleteObjects: 0.059900 ms)

========================================================================
Received Import Request.
  Time since last request: 1403.782330 seconds.
  path: Assets/Scenes
  artifactKey: Guid(80dfc388b6f3f2d4f913d2a45d3b4984) Importer(815301076,1909f56bfc062723c751e8b465ee728b)
Start importing Assets/Scenes using Guid(80dfc388b6f3f2d4f913d2a45d3b4984) Importer(815301076,1909f56bfc062723c751e8b465ee728b)  -> (artifact id: '655110ea121c5b718ac55f6781b64d13') in 0.010707 seconds
  Import took 0.013359 seconds .

========================================================================
Received Import Request.
  Time since last request: 6.193551 seconds.
  path: Assets/Scripts/Utility
  artifactKey: Guid(c1dca078975168649aa67372ea780ead) Importer(815301076,1909f56bfc062723c751e8b465ee728b)
Start importing Assets/Scripts/Utility using Guid(c1dca078975168649aa67372ea780ead) Importer(815301076,1909f56bfc062723c751e8b465ee728b)  -> (artifact id: '1cab3c534b4dafc0f5c6139a358f6d07') in 0.008662 seconds
  Import took 0.102465 seconds .

========================================================================
Received Prepare
Registering precompiled user dll's ...
Registered in 0.000622 seconds.
Begin MonoManager ReloadAssembly
Native extension for WindowsStandalone target not found
Native extension for WebGL target not found
Refreshing native plugins compatible for Editor in 0.28 ms, found 0 plugins.
Preloading 0 native plugins for Editor in 0.00 ms.
Invoked RoslynAnalysisRunner static constructor.
RoslynAnalysisRunner will not be running.
RoslynAnalysisRunner has terminated.
Mono: successfully reloaded assembly
- Completed reload, in  1.306 seconds
Platform modules already initialized, skipping
Refreshing native plugins compatible for Editor in 0.27 ms, found 0 plugins.
Preloading 0 native plugins for Editor in 0.00 ms.
Unloading 1100 Unused Serialized files (Serialized files now loaded: 0)
System memory in use before: 73.5 MB.
System memory in use after: 73.6 MB.

Unloading 5 unused Assets to reduce memory usage. Loaded Objects now: 1619.
Total: 2.298800 ms (FindLiveObjects: 0.193400 ms CreateObjectMapping: 0.051900 ms MarkObjects: 1.988300 ms  DeleteObjects: 0.063600 ms)

========================================================================
Received Import Request.
  Time since last request: 87.071410 seconds.
  path: ProjectSettings/TagManager.asset
  artifactKey: Guid(00000000000000003000000000000000) Importer(815301076,1909f56bfc062723c751e8b465ee728b)
Start importing ProjectSettings/TagManager.asset using Guid(00000000000000003000000000000000) Importer(815301076,1909f56bfc062723c751e8b465ee728b)  -> (artifact id: '8988b340c206bb1d98ca0d47b0266d3b') in 0.024931 seconds
  Import took 0.054081 seconds .

========================================================================
Received Import Request.
  Time since last request: 8.960398 seconds.
  path: Assets/Prefabs/Balls/GreenBall.prefab
  artifactKey: Guid(7185e4eecc18ddd419e2a162efb04ac2) Importer(815301076,1909f56bfc062723c751e8b465ee728b)
Start importing Assets/Prefabs/Balls/GreenBall.prefab using Guid(7185e4eecc18ddd419e2a162efb04ac2) Importer(815301076,1909f56bfc062723c751e8b465ee728b)  -> (artifact id: '88095ee05f5b7afeffedbea60fb70258') in 0.064854 seconds
  Import took 0.084334 seconds .

========================================================================
Received Import Request.
  Time since last request: 68.265268 seconds.
  path: Assets/Prefabs/Balls/GreenBall.prefab
  artifactKey: Guid(7185e4eecc18ddd419e2a162efb04ac2) Importer(815301076,1909f56bfc062723c751e8b465ee728b)
Start importing Assets/Prefabs/Balls/GreenBall.prefab using Guid(7185e4eecc18ddd419e2a162efb04ac2) Importer(815301076,1909f56bfc062723c751e8b465ee728b)  -> (artifact id: 'dc485e54c11bd92ea1001eb982ab73c7') in 0.012877 seconds
  Import took 0.016142 seconds .

========================================================================
Received Import Request.
  Time since last request: 0.003053 seconds.
  path: Assets/Prefabs/Balls/GreenBall.prefab
  artifactKey: Guid(7185e4eecc18ddd419e2a162efb04ac2) Importer(815301076,1909f56bfc062723c751e8b465ee728b)
Start importing Assets/Prefabs/Balls/GreenBall.prefab using Guid(7185e4eecc18ddd419e2a162efb04ac2) Importer(815301076,1909f56bfc062723c751e8b465ee728b)  -> (artifact id: 'dc485e54c11bd92ea1001eb982ab73c7') in 0.010491 seconds
  Import took 0.014055 seconds .

========================================================================
Received Import Request.
  Time since last request: 0.539698 seconds.
  path: Assets/Prefabs/Balls/WhiteBall.prefab
  artifactKey: Guid(3fcd29e4600295e49a0f45dd8dbac991) Importer(815301076,1909f56bfc062723c751e8b465ee728b)
Start importing Assets/Prefabs/Balls/WhiteBall.prefab using Guid(3fcd29e4600295e49a0f45dd8dbac991) Importer(815301076,1909f56bfc062723c751e8b465ee728b)  -> (artifact id: 'a132ac48eeb401291cfbfb5bbbb2420a') in 0.016511 seconds
  Import took 0.019603 seconds .

========================================================================
Received Prepare
Registering precompiled user dll's ...
Registered in 0.000630 seconds.
Begin MonoManager ReloadAssembly
Native extension for WindowsStandalone target not found
Native extension for WebGL target not found
Refreshing native plugins compatible for Editor in 0.27 ms, found 0 plugins.
Preloading 0 native plugins for Editor in 0.00 ms.
Invoked RoslynAnalysisRunner static constructor.
RoslynAnalysisRunner will not be running.
RoslynAnalysisRunner has terminated.
Mono: successfully reloaded assembly
- Completed reload, in  1.339 seconds
Platform modules already initialized, skipping
Refreshing native plugins compatible for Editor in 0.27 ms, found 0 plugins.
Preloading 0 native plugins for Editor in 0.00 ms.
Unloading 1100 Unused Serialized files (Serialized files now loaded: 0)
System memory in use before: 73.6 MB.
System memory in use after: 73.7 MB.

Unloading 6 unused Assets to reduce memory usage. Loaded Objects now: 1622.
Total: 2.348900 ms (FindLiveObjects: 0.276600 ms CreateObjectMapping: 0.060800 ms MarkObjects: 1.940300 ms  DeleteObjects: 0.069300 ms)

========================================================================
Received Prepare
Registering precompiled user dll's ...
Registered in 0.000750 seconds.
Begin MonoManager ReloadAssembly
Native extension for WindowsStandalone target not found
Native extension for WebGL target not found
Refreshing native plugins compatible for Editor in 0.45 ms, found 0 plugins.
Preloading 0 native plugins for Editor in 0.00 ms.
Invoked RoslynAnalysisRunner static constructor.
RoslynAnalysisRunner will not be running.
RoslynAnalysisRunner has terminated.
Mono: successfully reloaded assembly
- Completed reload, in  1.465 seconds
Platform modules already initialized, skipping
Refreshing native plugins compatible for Editor in 0.37 ms, found 0 plugins.
Preloading 0 native plugins for Editor in 0.00 ms.
Unloading 1100 Unused Serialized files (Serialized files now loaded: 0)
System memory in use before: 73.7 MB.
System memory in use after: 73.7 MB.

Unloading 5 unused Assets to reduce memory usage. Loaded Objects now: 1624.
Total: 2.491600 ms (FindLiveObjects: 0.272700 ms CreateObjectMapping: 0.077400 ms MarkObjects: 2.075300 ms  DeleteObjects: 0.064500 ms)

AssetImportWorkerClient::OnTransportError - code=2 error=End of file
